<?xml version="1.0" encoding="UTF-8"?>
<!-- Generated by org.testng.reporters.JUnitReportReporter -->
<testsuite hostname="BUL0000566.local" failures="0" tests="1" name="com.test.uat.TC_01_Bet.ID_02_ExternalLogin" time="3.095" errors="0" timestamp="08 Aug 2019 18:56:46 GMT" skipped="0">
  <testcase classname="com.test.uat.TC_01_Bet.ID_02_ExternalLogin" name="externalLogin" time="3.095"/>
</testsuite> <!-- com.test.uat.TC_01_Bet.ID_02_ExternalLogin -->
