<?xml version="1.0" encoding="UTF-8"?>
<!-- Generated by org.testng.reporters.JUnitReportReporter -->
<testsuite skipped="0" hostname="BG5CG9014307" name="com.test.TC_02_Example_HttpClient.PayPal.ID_01_Token" tests="1" failures="0" timestamp="18 Jun 2019 20:07:23 GMT" time="1.550" errors="0">
  <testcase name="getToken" time="1.550" classname="com.test.TC_02_Example_HttpClient.PayPal.ID_01_Token"/>
</testsuite> <!-- com.test.TC_02_Example_HttpClient.PayPal.ID_01_Token -->
