<?xml version="1.0" encoding="UTF-8"?>
<!-- Generated by org.testng.reporters.JUnitReportReporter -->
<testsuite hostname="BUL0000566.local" failures="0" tests="1" name="com.test.uat.TC_01_Bet.ID_08_GetSportsTree" time="4.224" errors="0" timestamp="08 Aug 2019 09:15:19 GMT" skipped="0">
  <testcase classname="com.test.uat.TC_01_Bet.ID_08_GetSportsTree" name="getSportsTree" time="4.224"/>
</testsuite> <!-- com.test.uat.TC_01_Bet.ID_08_GetSportsTree -->
