<?xml version="1.0" encoding="UTF-8"?>
<!-- Generated by org.testng.reporters.JUnitReportReporter -->
<testsuite skipped="0" hostname="BUL0000566.local" name="com.test.uat.TC_02_Sumo.UI.ID_01_Promotions" tests="4" failures="0" timestamp="23 Jul 2019 20:27:57 GMT" time="14.776" errors="0">
  <testcase name="selectionBtnState" time="3.997" classname="com.test.uat.TC_02_Sumo.UI.ID_01_Promotions"/>
  <testcase name="openSumoHomePage" time="3.386" classname="com.test.uat.TC_02_Sumo.UI.ID_01_Promotions"/>
  <testcase name="checkTable" time="0.234" classname="com.test.uat.TC_02_Sumo.UI.ID_01_Promotions"/>
  <testcase name="noSelectionBtnState" time="7.159" classname="com.test.uat.TC_02_Sumo.UI.ID_01_Promotions"/>
</testsuite> <!-- com.test.uat.TC_02_Sumo.UI.ID_01_Promotions -->
