<?xml version="1.0" encoding="UTF-8"?>
<!-- Generated by org.testng.reporters.JUnitReportReporter -->
<testsuite skipped="0" hostname="BUL0000566.local" name="com.test.uat.TC_01_Bet.ID_03_GetOpenBets" tests="1" failures="0" timestamp="04 Aug 2019 16:43:16 GMT" time="1.682" errors="0">
  <testcase name="getOpenBets" time="1.682" classname="com.test.uat.TC_01_Bet.ID_03_GetOpenBets"/>
</testsuite> <!-- com.test.uat.TC_01_Bet.ID_03_GetOpenBets -->
