<?xml version="1.0" encoding="UTF-8"?>
<!-- Generated by org.testng.reporters.JUnitReportReporter -->
<testsuite skipped="0" hostname="BUL0000566.local" name="com.test.uat.TC_01_Bet.ID_04_PlaceBet" tests="1" failures="0" timestamp="24 Jul 2019 15:49:52 GMT" time="1.069" errors="0">
  <testcase name="placeBet" time="1.069" classname="com.test.uat.TC_01_Bet.ID_04_PlaceBet"/>
</testsuite> <!-- com.test.uat.TC_01_Bet.ID_04_PlaceBet -->
