<?xml version="1.0" encoding="UTF-8"?>
<!-- Generated by org.testng.reporters.JUnitReportReporter -->
<testsuite skipped="0" hostname="BUL0000566.local" name="com.test.TC_04_AmelcoAPI.ID_04_PlaceBet" tests="1" failures="0" timestamp="10 Jul 2019 21:49:52 GMT" time="0.685" errors="0">
  <testcase name="placeBet" time="0.685" classname="com.test.TC_04_AmelcoAPI.ID_04_PlaceBet"/>
</testsuite> <!-- com.test.TC_04_AmelcoAPI.ID_04_PlaceBet -->
