<?xml version="1.0" encoding="UTF-8"?>
<!-- Generated by org.testng.reporters.JUnitReportReporter -->
<testsuite skipped="0" hostname="BUL0000566.local" name="com.test.TC_04_AmelcoAPI.ID_02_ExternalLogin" tests="1" failures="0" timestamp="08 Jul 2019 15:11:10 GMT" time="1.196" errors="0">
  <testcase name="externalLogin" time="1.196" classname="com.test.TC_04_AmelcoAPI.ID_02_ExternalLogin"/>
</testsuite> <!-- com.test.TC_04_AmelcoAPI.ID_02_ExternalLogin -->
