<?xml version="1.0" encoding="UTF-8"?>
<!-- Generated by org.testng.reporters.JUnitReportReporter -->
<testsuite skipped="0" hostname="BUL0000566.local" name="com.test.TC_05_Sumo.UI.ID_01_Promotions" tests="4" failures="0" timestamp="17 Jul 2019 16:08:34 GMT" time="10.852" errors="0">
  <testcase name="openSumoHomePage" time="4.194" classname="com.test.TC_05_Sumo.UI.ID_01_Promotions"/>
  <testcase name="noSelectionBtnState" time="5.441" classname="com.test.TC_05_Sumo.UI.ID_01_Promotions"/>
  <testcase name="selectionBtnState" time="1.054" classname="com.test.TC_05_Sumo.UI.ID_01_Promotions"/>
  <testcase name="checkTable" time="0.163" classname="com.test.TC_05_Sumo.UI.ID_01_Promotions"/>
</testsuite> <!-- com.test.TC_05_Sumo.UI.ID_01_Promotions -->
