<?xml version="1.0" encoding="UTF-8"?>
<!-- Generated by org.testng.reporters.JUnitReportReporter -->
<testsuite skipped="0" hostname="BUL0000508.local" name="com.test.TC_02_Example_HttpClient.Fly.ID_08_Menu" tests="1" failures="0" timestamp="25 Jun 2019 13:44:52 GMT" time="0.772" errors="0">
  <testcase name="getMenu" time="0.772" classname="com.test.TC_02_Example_HttpClient.Fly.ID_08_Menu"/>
</testsuite> <!-- com.test.TC_02_Example_HttpClient.Fly.ID_08_Menu -->
