<?xml version="1.0" encoding="UTF-8"?>
<!-- Generated by org.testng.reporters.JUnitReportReporter -->
<testsuite hostname="BUL0000566.local" failures="0" tests="1" name="com.test.uat.TC_01_Bet.CashoutBet" time="0.425" errors="0" timestamp="19 Aug 2019 19:24:11 GMT" skipped="0">
  <testcase classname="com.test.uat.TC_01_Bet.CashoutBet" name="cashoutBet" time="0.425"/>
</testsuite> <!-- com.test.uat.TC_01_Bet.CashoutBet -->
