<?xml version="1.0" encoding="UTF-8"?>
<!-- Generated by org.testng.reporters.JUnitReportReporter -->
<testsuite skipped="0" hostname="BG5CG9014307" name="com.test.TC_02_Example_HttpClient.Fly.ID_05_AddUserInfo" tests="1" failures="0" timestamp="18 Jun 2019 09:39:53 GMT" time="0.330" errors="0">
  <testcase name="addInfo" time="0.330" classname="com.test.TC_02_Example_HttpClient.Fly.ID_05_AddUserInfo"/>
</testsuite> <!-- com.test.TC_02_Example_HttpClient.Fly.ID_05_AddUserInfo -->
