<?xml version="1.0" encoding="UTF-8"?>
<!-- Generated by org.testng.reporters.JUnitReportReporter -->
<testsuite skipped="0" hostname="BUL0000566.local" name="com.test.TC_04_AmelcoAPI.ID_01_LogIn" tests="1" failures="0" timestamp="14 Jul 2019 18:07:49 GMT" time="1.738" errors="0">
  <testcase name="loginRam" time="1.738" classname="com.test.TC_04_AmelcoAPI.ID_01_LogIn"/>
</testsuite> <!-- com.test.TC_04_AmelcoAPI.ID_01_LogIn -->
