<?xml version="1.0" encoding="UTF-8"?>
<!-- Generated by org.testng.reporters.JUnitReportReporter -->
<testsuite skipped="0" hostname="BUL0000566.local" name="com.test.TC_04_AmelcoAPI.ID_01_LogIn" tests="1" failures="0" timestamp="15 Jul 2019 09:45:48 GMT" time="2.043" errors="0">
  <testcase name="loginRam" time="2.043" classname="com.test.TC_04_AmelcoAPI.ID_01_LogIn"/>
</testsuite> <!-- com.test.TC_04_AmelcoAPI.ID_01_LogIn -->
