<?xml version="1.0" encoding="UTF-8"?>
<!-- Generated by org.testng.reporters.JUnitReportReporter -->
<testsuite skipped="0" hostname="BUL0000566.local" name="com.test.uat.TC_02_Sumo.UI.ID_01_Promotions" tests="4" failures="0" timestamp="19 Jul 2019 15:48:22 GMT" time="14.572" errors="0">
  <testcase name="checkTable" time="0.197" classname="com.test.uat.TC_02_Sumo.UI.ID_01_Promotions"/>
  <testcase name="noSelectionBtnState" time="6.041" classname="com.test.uat.TC_02_Sumo.UI.ID_01_Promotions"/>
  <testcase name="selectionBtnState" time="2.424" classname="com.test.uat.TC_02_Sumo.UI.ID_01_Promotions"/>
  <testcase name="openSumoHomePage" time="5.910" classname="com.test.uat.TC_02_Sumo.UI.ID_01_Promotions"/>
</testsuite> <!-- com.test.uat.TC_02_Sumo.UI.ID_01_Promotions -->
