<?xml version="1.0" encoding="UTF-8"?>
<!-- Generated by org.testng.reporters.JUnitReportReporter -->
<testsuite skipped="0" hostname="BUL0000566.local" name="com.test.TC_05_Sumo.UI.ID_01_Promotions" tests="2" failures="0" timestamp="14 Jul 2019 10:18:48 GMT" time="35.231" errors="0">
  <testcase name="openSumoHomePage" time="2.867" classname="com.test.TC_05_Sumo.UI.ID_01_Promotions"/>
  <testcase name="noSelectionBtnStates" time="32.364" classname="com.test.TC_05_Sumo.UI.ID_01_Promotions"/>
</testsuite> <!-- com.test.TC_05_Sumo.UI.ID_01_Promotions -->
