<?xml version="1.0" encoding="UTF-8"?>
<!-- Generated by org.testng.reporters.JUnitReportReporter -->
<testsuite skipped="0" hostname="BG5CG9014307" name="com.test.TC_03_Example_UI.ID_01_OpenCart" tests="3" failures="0" timestamp="07 May 2019 10:25:13 GMT" time="11.340" errors="0">
  <testcase name="searchItem" time="2.684" classname="com.test.TC_03_Example_UI.ID_01_OpenCart"/>
  <testcase name="openHomePage" time="4.832" classname="com.test.TC_03_Example_UI.ID_01_OpenCart"/>
  <testcase name="checkCart" time="3.824" classname="com.test.TC_03_Example_UI.ID_01_OpenCart"/>
</testsuite> <!-- com.test.TC_03_Example_UI.ID_01_OpenCart -->
