<?xml version="1.0" encoding="UTF-8"?>
<!-- Generated by org.testng.reporters.JUnitReportReporter -->
<testsuite skipped="0" hostname="BUL0000566.local" name="com.test.TC_04_AmelcoAPI.ID_04_PlaceBet" tests="1" failures="0" timestamp="18 Jul 2019 16:15:35 GMT" time="0.134" errors="0">
  <testcase name="placeBet" time="0.134" classname="com.test.TC_04_AmelcoAPI.ID_04_PlaceBet"/>
</testsuite> <!-- com.test.TC_04_AmelcoAPI.ID_04_PlaceBet -->
