<?xml version="1.0" encoding="UTF-8"?>
<!-- Generated by org.testng.reporters.JUnitReportReporter -->
<testsuite hostname="BUL0000566.local" failures="0" tests="11" name="com.demo.test_suites.backend.TS_01_Login" time="33.810" errors="0" timestamp="04 Dec 2019 11:20:55 GMT" skipped="0">
  <testcase classname="com.demo.test_suites.backend.TS_01_Login" name="removeCampaignTemplate" time="0.354"/>
  <testcase classname="com.demo.test_suites.backend.TS_01_Login" name="sessionID" time="1.326"/>
  <testcase classname="com.demo.test_suites.backend.TS_01_Login" name="externalLogin" time="1.300"/>
  <testcase classname="com.demo.test_suites.backend.TS_01_Login" name="placeFreeBet" time="0.787"/>
  <testcase classname="com.demo.test_suites.backend.TS_01_Login" name="cmsLogin" time="0.569"/>
  <testcase classname="com.demo.test_suites.backend.TS_01_Login" name="ramLogin" time="1.791"/>
  <testcase classname="com.demo.test_suites.backend.TS_01_Login" name="getSportEvents" time="11.543"/>
  <testcase classname="com.demo.test_suites.backend.TS_01_Login" name="addBonusCampaign" time="0.388"/>
  <testcase classname="com.demo.test_suites.backend.TS_01_Login" name="checkUI" time="13.811"/>
  <testcase classname="com.demo.test_suites.backend.TS_01_Login" name="uploadFile" time="1.387"/>
  <testcase classname="com.demo.test_suites.backend.TS_01_Login" name="userBonusEntitlements" time="0.554"/>
</testsuite> <!-- com.test_suites_suites.TS_01_Login
