<?xml version="1.0" encoding="UTF-8"?>
<!-- Generated by org.testng.reporters.JUnitReportReporter -->
<testsuite hostname="BUL0000566.local" failures="0" tests="1" name="com.test.uat.TC_01_Bet.ID_02_ExternalLogin" time="1.173" errors="0" timestamp="25 Jul 2019 15:05:01 GMT" skipped="0">
  <testcase classname="com.test.uat.TC_01_Bet.ID_02_ExternalLogin" name="externalLogin" time="1.173"/>
</testsuite> <!-- com.test.uat.TC_01_Bet.ID_02_ExternalLogin -->
