<?xml version="1.0" encoding="UTF-8"?>
<!-- Generated by org.testng.reporters.JUnitReportReporter -->
<testsuite skipped="0" hostname="BUL0000566.local" name="com.test.uat.TC_01_Bet.ID_07_Cashout" tests="1" failures="0" timestamp="23 Jul 2019 20:27:57 GMT" time="7.096" errors="0">
  <testcase name="betCashout" time="7.096" classname="com.test.uat.TC_01_Bet.ID_07_Cashout"/>
</testsuite> <!-- com.test.uat.TC_01_Bet.ID_07_Cashout -->
