<?xml version="1.0" encoding="UTF-8"?>
<!-- Generated by org.testng.reporters.JUnitReportReporter -->
<testsuite skipped="0" hostname="BUL0000566.local" name="com.test.uat.TC_01_Bet.ExternalLogin" tests="1" failures="0" timestamp="04 Jul 2019 14:42:10 GMT" time="0.772" errors="0">
  <testcase name="externalLogin" time="0.772" classname="com.test.uat.TC_01_Bet.ExternalLogin"/>
</testsuite> <!-- com.test.uat.TC_01_Bet_ExternalLogin -->
