<?xml version="1.0" encoding="UTF-8"?>
<!-- Generated by org.testng.reporters.JUnitReportReporter -->
<testsuite hostname="StationOne-PC" failures="0" tests="3" name="com.demo.test_suites.frontend.TS_01_Items" time="13.723" errors="0" timestamp="16 Jan 2020 11:57:29 GMT" skipped="0">
  <testcase classname="com.demo.test_suites.frontend.TS_01_Items" name="loadHomePage" time="3.467"/>
  <testcase classname="com.demo.test_suites.frontend.TS_01_Items" name="searchItem" time="4.412"/>
  <testcase classname="com.demo.test_suites.frontend.TS_01_Items" name="openItemDescription" time="5.844"/>
</testsuite> <!-- com.demo.test_suites.frontend.TS_01_Items -->
