<?xml version="1.0" encoding="UTF-8"?>
<!-- Generated by org.testng.reporters.JUnitReportReporter -->
<testsuite skipped="0" hostname="BUL0000566.local" name="com.test.uat.TC_01_Bet.ID_02_ExternalLogin" tests="1" failures="0" timestamp="19 Jul 2019 20:02:30 GMT" time="0.764" errors="0">
  <testcase name="externalLogin" time="0.764" classname="com.test.uat.TC_01_Bet.ID_02_ExternalLogin"/>
</testsuite> <!-- com.test.uat.TC_01_Bet.ID_02_ExternalLogin -->
