<?xml version="1.0" encoding="UTF-8"?>
<!-- Generated by org.testng.reporters.JUnitReportReporter -->
<testsuite hostname="BUL0000566.local" failures="0" tests="1" name="com.test.uat.TC_01_Bet.ID_07_7_CashoutBet" time="0.323" errors="0" timestamp="19 Aug 2019 16:03:55 GMT" skipped="0">
  <testcase classname="com.test.uat.TC_01_Bet.ID_07_7_CashoutBet" name="cashoutBet" time="0.323"/>
</testsuite> <!-- com.test.uat.TC_01_Bet.ID_07_7_CashoutBet -->
