<?xml version="1.0" encoding="UTF-8"?>
<!-- Generated by org.testng.reporters.JUnitReportReporter -->
<testsuite skipped="0" hostname="BUL0000566.local" name="com.test.uat.TC_02_Sumo.UI.ID_01_Promotions" tests="4" failures="0" timestamp="24 Jul 2019 20:32:38 GMT" time="14.553" errors="0">
  <testcase name="selectionBtnState" time="3.992" classname="com.test.uat.TC_02_Sumo.UI.ID_01_Promotions"/>
  <testcase name="openSumoHomePage" time="3.521" classname="com.test.uat.TC_02_Sumo.UI.ID_01_Promotions"/>
  <testcase name="noSelectionBtnState" time="6.784" classname="com.test.uat.TC_02_Sumo.UI.ID_01_Promotions"/>
  <testcase name="checkTable" time="0.256" classname="com.test.uat.TC_02_Sumo.UI.ID_01_Promotions"/>
</testsuite> <!-- com.test.uat.TC_02_Sumo.UI.ID_01_Promotions -->
