<?xml version="1.0" encoding="UTF-8"?>
<!-- Generated by org.testng.reporters.JUnitReportReporter -->
<testsuite skipped="0" hostname="BUL0000566.local" name="com.test.uat.TC_01_Bet.ID_01_LogIn" tests="1" failures="0" timestamp="02 Aug 2019 20:56:18 GMT" time="1.980" errors="0">
  <testcase name="loginRam" time="1.980" classname="com.test.uat.TC_01_Bet.ID_01_LogIn"/>
</testsuite> <!-- com.test.uat.TC_01_Bet.ID_01_LogIn -->
