<?xml version="1.0" encoding="UTF-8"?>
<!-- Generated by org.testng.reporters.JUnitReportReporter -->
<testsuite hostname="BUL0000566.local" failures="0" tests="1" name="com.test.uat.TC_01_Bet.BetStatus" time="0.296" errors="0" timestamp="19 Aug 2019 18:48:43 GMT" skipped="0">
  <testcase classname="com.test.uat.TC_01_Bet.BetStatus" name="cashoutBet" time="0.296"/>
</testsuite> <!-- com.test.uat.TC_01_Bet.BetStatus>
