<?xml version="1.0" encoding="UTF-8"?>
<!-- Generated by org.testng.reporters.JUnitReportReporter -->
<testsuite hostname="BUL0000566.local" failures="0" tests="1" name="com.test.uat.TC_01_Bet.ID_01_LogIn" time="1.885" errors="0" timestamp="11 Aug 2019 14:40:34 GMT" skipped="0">
  <testcase classname="com.test.uat.TC_01_Bet.ID_01_LogIn" name="loginRam" time="1.885"/>
</testsuite> <!-- com.test.uat.TC_01_Bet.ID_01_LogIn -->
