<?xml version="1.0" encoding="UTF-8"?>
<!-- Generated by org.testng.reporters.JUnitReportReporter -->
<testsuite skipped="0" hostname="BUL0000566.local" name="com.test.uat.TC_01_Bet.ID_01_LogIn" tests="1" failures="0" timestamp="22 Jul 2019 14:47:06 GMT" time="1.887" errors="0">
  <testcase name="loginRam" time="1.887" classname="com.test.uat.TC_01_Bet.ID_01_LogIn"/>
</testsuite> <!-- com.test.uat.TC_01_Bet.ID_01_LogIn -->
