<?xml version="1.0" encoding="UTF-8"?>
<!-- Generated by org.testng.reporters.JUnitReportReporter -->
<testsuite hostname="BUL0000566.local" failures="0" tests="1" name="com.test.uat.TC_01_Bet.ID_01_LogIn" time="1.901" errors="0" timestamp="12 Aug 2019 12:01:15 GMT" skipped="0">
  <testcase classname="com.test.uat.TC_01_Bet.ID_01_LogIn" name="loginRam" time="1.901"/>
</testsuite> <!-- com.test.uat.TC_01_Bet.ID_01_LogIn -->
