<?xml version="1.0" encoding="UTF-8"?>
<!-- Generated by org.testng.reporters.JUnitReportReporter -->
<testsuite hostname="BUL0000566.local" failures="0" tests="1" name="com.test.uat.TC_01_Bet.ID_03_GetFootballSportTree" time="3.620" errors="0" timestamp="12 Aug 2019 21:06:55 GMT" skipped="0">
  <testcase classname="com.test.uat.TC_01_Bet.ID_03_GetFootballSportTree" name="getSportsTree" time="3.620"/>
</testsuite> <!-- com.test.uat.TC_01_Bet.ID_03_GetFootballSportTree -->
