<?xml version="1.0" encoding="UTF-8"?>
<!-- Generated by org.testng.reporters.JUnitReportReporter -->
<testsuite skipped="0" hostname="BUL0000566.local" name="com.test.TC_05_Sumo.UI.ID_01_Promotions" tests="2" failures="0" timestamp="12 Jul 2019 16:04:32 GMT" time="5.657" errors="0">
  <testcase name="checkTable" time="1.536" classname="com.test.TC_05_Sumo.UI.ID_01_Promotions"/>
  <testcase name="openSumoHomePage" time="4.121" classname="com.test.TC_05_Sumo.UI.ID_01_Promotions"/>
</testsuite> <!-- com.test.TC_05_Sumo.UI.ID_01_Promotions -->
