<?xml version="1.0" encoding="UTF-8"?>
<!-- Generated by org.testng.reporters.JUnitReportReporter -->
<testsuite hostname="BUL0000566.local" failures="0" tests="1" name="com.test.uat.TC_01_Bet.LogInRam" time="2.036" errors="0" timestamp="30 Aug 2019 18:42:52 GMT" skipped="0">
  <testcase classname="com.test.uat.TC_01_Bet.LogInRam" name="loginRam" time="2.036"/>
</testsuite> <!-- com.test.uat.TC_01_Bet.LogInRam -->
