<?xml version="1.0" encoding="UTF-8"?>
<!-- Generated by org.testng.reporters.JUnitReportReporter -->
<testsuite hostname="BUL0000566.local" failures="0" tests="1" name="com.test.uat.TC_01_Bet.ID_08_GetSportsTree" time="2.716" errors="0" timestamp="06 Aug 2019 15:43:31 GMT" skipped="0">
  <testcase classname="com.test.uat.TC_01_Bet.ID_08_GetSportsTree" name="getSportsTree" time="2.716"/>
</testsuite> <!-- com.test.uat.TC_01_Bet.ID_08_GetSportsTree -->
