<?xml version="1.0" encoding="UTF-8"?>
<!-- Generated by org.testng.reporters.JUnitReportReporter -->
<testsuite skipped="0" hostname="BUL0000566.local" name="com.test.TC_05_Sumo.UI.ID_01_Promotions" tests="2" failures="0" timestamp="13 Jul 2019 13:49:41 GMT" time="37.093" errors="0">
  <testcase name="openSumoHomePage" time="4.828" classname="com.test.TC_05_Sumo.UI.ID_01_Promotions"/>
  <testcase name="checkToolbarButtons" time="32.265" classname="com.test.TC_05_Sumo.UI.ID_01_Promotions"/>
</testsuite> <!-- com.test.TC_05_Sumo.UI.ID_01_Promotions -->
