<?xml version="1.0" encoding="UTF-8"?>
<!-- Generated by org.testng.reporters.JUnitReportReporter -->
<testsuite skipped="0" hostname="BUL0000566.local" name="com.test.uat.TC_01_Bet.ID_07_Cashout" tests="1" failures="0" timestamp="01 Aug 2019 15:28:56 GMT" time="0.446" errors="0">
  <testcase name="betCashout" time="0.446" classname="com.test.uat.TC_01_Bet.ID_07_Cashout"/>
</testsuite> <!-- com.test.uat.TC_01_Bet.ID_07_Cashout -->
