<?xml version="1.0" encoding="UTF-8"?>
<!-- Generated by org.testng.reporters.JUnitReportReporter -->
<testsuite skipped="0" hostname="BUL0000508.local" name="com.test.TC_04_AmelcoAPI.ID_02_SignIn" tests="1" failures="0" timestamp="02 Jul 2019 14:49:59 GMT" time="0.004" errors="0">
  <testcase name="signIn" time="0.004" classname="com.test.TC_04_AmelcoAPI.ID_02_SignIn"/>
</testsuite> <!-- com.test.TC_04_AmelcoAPI.ID_02_SignIn -->
