<?xml version="1.0" encoding="UTF-8"?>
<!-- Generated by org.testng.reporters.JUnitReportReporter -->
<testsuite hostname="BUL0000566.local" failures="0" tests="1" name="com.test.uat.TC_01_Bet.ID_06_BetStatus" time="0.844" errors="0" timestamp="12 Aug 2019 09:27:39 GMT" skipped="0">
  <testcase classname="com.test.uat.TC_01_Bet.ID_06_BetStatus" name="betStatus" time="0.844"/>
</testsuite> <!-- com.test.uat.TC_01_Bet.ID_06_BetStatus -->
