<?xml version="1.0" encoding="UTF-8"?>
<!-- Generated by org.testng.reporters.JUnitReportReporter -->
<testsuite skipped="0" hostname="BUL0000566.local" name="com.test.TC_04_AmelcoAPI.ID_01_LogIn" tests="1" failures="0" timestamp="05 Jul 2019 19:47:37 GMT" time="1.882" errors="0">
  <testcase name="loginRam" time="1.882" classname="com.test.TC_04_AmelcoAPI.ID_01_LogIn"/>
</testsuite> <!-- com.test.TC_04_AmelcoAPI.ID_01_LogIn -->
