<?xml version="1.0" encoding="UTF-8"?>
<!-- Generated by org.testng.reporters.JUnitReportReporter -->
<testsuite hostname="BUL0000566.local" failures="0" tests="1" name="com.test.uat.TC_01_Bet.ID_03_GetFootballSportTree" time="5.626" errors="0" timestamp="14 Aug 2019 10:23:28 GMT" skipped="0">
  <testcase classname="com.test.uat.TC_01_Bet.ID_03_GetFootballSportTree" name="getSportsTree" time="5.626"/>
</testsuite> <!-- com.test.uat.TC_01_Bet.ID_03_GetFootballSportTree -->
