<?xml version="1.0" encoding="UTF-8"?>
<!-- Generated by org.testng.reporters.JUnitReportReporter -->
<testsuite skipped="0" hostname="BUL0000566.local" name="com.test.uat.TC_01_Bet.ID_03_GetOpenBets" tests="1" failures="0" timestamp="23 Jul 2019 18:17:26 GMT" time="2.797" errors="0">
  <testcase name="getOpenBets" time="2.797" classname="com.test.uat.TC_01_Bet.ID_03_GetOpenBets"/>
</testsuite> <!-- com.test.uat.TC_01_Bet.ID_03_GetOpenBets -->
