<?xml version="1.0" encoding="UTF-8"?>
<!-- Generated by org.testng.reporters.JUnitReportReporter -->
<testsuite hostname="BUL0000566.local" failures="0" tests="1" name="com.test.uat.TC_01_Bet.ID_04_GetFootballSportTree" time="6.363" errors="0" timestamp="09 Aug 2019 15:30:25 GMT" skipped="0">
  <testcase classname="com.test.uat.TC_01_Bet.ID_04_GetFootballSportTree" name="getSportsTree" time="6.363"/>
</testsuite> <!-- com.test.uat.TC_01_Bet.ID_04_GetFootballSportTree -->
