<?xml version="1.0" encoding="UTF-8"?>
<!-- Generated by org.testng.reporters.JUnitReportReporter -->
<testsuite skipped="0" hostname="BUL0000566.local" name="com.test.uat.TC_01_Bet.ID_08_GetSportsTree" tests="1" failures="0" timestamp="24 Jul 2019 20:32:38 GMT" time="6.147" errors="0">
  <testcase name="getSportsTree" time="6.147" classname="com.test.uat.TC_01_Bet.ID_08_GetSportsTree"/>
</testsuite> <!-- com.test.uat.TC_01_Bet.ID_08_GetSportsTree -->
