<?xml version="1.0" encoding="UTF-8"?>
<!-- Generated by org.testng.reporters.JUnitReportReporter -->
<testsuite hostname="BUL0000566.local" failures="0" tests="1" name="com.test.uat.TC_01_Bet.ID_03_GetOpenBets" time="1.067" errors="0" timestamp="11 Aug 2019 22:36:22 GMT" skipped="0">
  <testcase classname="com.test.uat.TC_01_Bet.ID_03_GetOpenBets" name="getOpenBets" time="1.067"/>
</testsuite> <!-- com.test.uat.TC_01_Bet.ID_03_GetOpenBets -->
