<?xml version="1.0" encoding="UTF-8"?>
<!-- Generated by org.testng.reporters.JUnitReportReporter -->
<testsuite hostname="BUL0000566.local" failures="0" tests="1" name="com.test.uat.TC_01_Bet.LogInRam" time="1.778" errors="0" timestamp="19 Aug 2019 19:24:11 GMT" skipped="0">
  <testcase classname="com.test.uat.TC_01_Bet.LogInRam" name="loginRam" time="1.778"/>
</testsuite> <!-- com.test.uat.TC_01_Bet.LogInRam -->
