<?xml version="1.0" encoding="UTF-8"?>
<!-- Generated by org.testng.reporters.JUnitReportReporter -->
<testsuite hostname="BUL0000566.local" failures="0" tests="1" name="com.test.uat.TC_01_Bet.FootballSportTree" time="5.077" errors="0" timestamp="19 Aug 2019 18:48:43 GMT" skipped="0">
  <testcase classname="com.test.uat.TC_01_Bet.FootballSportTree" name="getSportsTree" time="5.077"/>
</testsuite> <!-- com.test.uat.TC_01_Bet.ID_03_GetFootballSportTree -->
