<?xml version="1.0" encoding="UTF-8"?>
<!-- Generated by org.testng.reporters.JUnitReportReporter -->
<testsuite hostname="BUL0000566.local" failures="0" tests="1" name="com.test.uat.TC_01_Bet.ID_07_CashoutBet" time="0.499" errors="0" timestamp="15 Aug 2019 15:49:23 GMT" skipped="0">
  <testcase classname="com.test.uat.TC_01_Bet.ID_07_CashoutBet" name="cashoutBet" time="0.499"/>
</testsuite> <!-- com.test.uat.TC_01_Bet.ID_07_CashoutBet -->
