<?xml version="1.0" encoding="UTF-8"?>
<!-- Generated by org.testng.reporters.JUnitReportReporter -->
<testsuite hostname="BUL0000566.local" failures="0" tests="4" name="com.test.uat.TC_02_Sumo.UI.ID_01_Promotions" time="10.672" errors="0" timestamp="25 Jul 2019 15:05:01 GMT" skipped="0">
  <testcase classname="com.test.uat.TC_02_Sumo.UI.ID_01_Promotions" name="checkTable" time="0.142"/>
  <testcase classname="com.test.uat.TC_02_Sumo.UI.ID_01_Promotions" name="noSelectionBtnState" time="5.348"/>
  <testcase classname="com.test.uat.TC_02_Sumo.UI.ID_01_Promotions" name="openSumoHomePage" time="3.034"/>
  <testcase classname="com.test.uat.TC_02_Sumo.UI.ID_01_Promotions" name="selectionBtnState" time="2.148"/>
</testsuite> <!-- com.test.uat.TC_02_Sumo.UI.ID_01_Promotions -->
