<?xml version="1.0" encoding="UTF-8"?>
<!-- Generated by org.testng.reporters.JUnitReportReporter -->
<testsuite hostname="BUL0000566.local" failures="0" tests="1" name="com.test.uat.TC_01_Bet.CalculateCashout" time="0.495" errors="0" timestamp="30 Aug 2019 18:42:52 GMT" skipped="0">
  <testcase classname="com.test.uat.TC_01_Bet.CalculateCashout" name="calcCashout" time="0.495"/>
</testsuite> <!-- com.test.uat.TC_01_Bet.CalculateCashout -->
