<?xml version="1.0" encoding="UTF-8"?>
<!-- Generated by org.testng.reporters.JUnitReportReporter -->
<testsuite skipped="0" hostname="BUL0000566.local" name="com.test.TC_05_Sumo.UI.ID_01_Promotions" tests="4" failures="0" timestamp="15 Jul 2019 09:45:48 GMT" time="10.604" errors="0">
  <testcase name="openSumoHomePage" time="4.285" classname="com.test.TC_05_Sumo.UI.ID_01_Promotions"/>
  <testcase name="noSelectionBtnState" time="5.949" classname="com.test.TC_05_Sumo.UI.ID_01_Promotions"/>
  <testcase name="selectionBtnState" time="0.095" classname="com.test.TC_05_Sumo.UI.ID_01_Promotions"/>
  <testcase name="checkTable" time="0.275" classname="com.test.TC_05_Sumo.UI.ID_01_Promotions"/>
</testsuite> <!-- com.test.TC_05_Sumo.UI.ID_01_Promotions -->
