<?xml version="1.0" encoding="UTF-8"?>
<!-- Generated by org.testng.reporters.JUnitReportReporter -->
<testsuite skipped="0" hostname="BUL0000566.local" name="com.test.uat.TC_01_Bet.ID_05_GetBetStatus" tests="1" failures="0" timestamp="26 Jul 2019 15:01:21 GMT" time="0.696" errors="0">
  <testcase name="getBetStatus" time="0.696" classname="com.test.uat.TC_01_Bet.ID_05_GetBetStatus"/>
</testsuite> <!-- com.test.uat.TC_01_Bet.ID_05_GetBetStatus -->
