<?xml version="1.0" encoding="UTF-8"?>
<!-- Generated by org.testng.reporters.JUnitReportReporter -->
<testsuite skipped="0" hostname="BUL0000566.local" name="com.test.TC_05_Sumo.UI.ID_01_Promotions" tests="1" failures="0" timestamp="11 Jul 2019 19:19:29 GMT" time="2.213" errors="0">
  <testcase name="openSumoHomePage" time="2.213" classname="com.test.TC_05_Sumo.UI.ID_01_Promotions"/>
</testsuite> <!-- com.test.TC_05_Sumo.UI.ID_01_Promotions -->
