<?xml version="1.0" encoding="UTF-8"?>
<!-- Generated by org.testng.reporters.JUnitReportReporter -->
<testsuite hostname="StationOne-PC" failures="0" tests="3" name="com.demo.test_suites.frontend.TS_01_Items" time="15.336" errors="0" timestamp="16 Jan 2020 21:50:56 GMT" skipped="0">
  <testcase classname="com.demo.test_suites.frontend.TS_01_Items" name="searchItem" time="5.122"/>
  <testcase classname="com.demo.test_suites.frontend.TS_01_Items" name="loadHomePage" time="4.017"/>
  <testcase classname="com.demo.test_suites.frontend.TS_01_Items" name="openItemDescription" time="6.197"/>
</testsuite> <!-- com.demo.test_suites.frontend.TS_01_Items -->
