<?xml version="1.0" encoding="UTF-8"?>
<!-- Generated by org.testng.reporters.JUnitReportReporter -->
<testsuite skipped="0" hostname="BUL0000566.local" name="com.test.TC_05_Sumo.UI.ID_01_Promotions" tests="2" failures="0" timestamp="12 Jul 2019 10:17:17 GMT" time="8.676" errors="0">
  <testcase name="checkTable" time="1.469" classname="com.test.TC_05_Sumo.UI.ID_01_Promotions"/>
  <testcase name="openSumoHomePage" time="7.207" classname="com.test.TC_05_Sumo.UI.ID_01_Promotions"/>
</testsuite> <!-- com.test.TC_05_Sumo.UI.ID_01_Promotions -->
