<?xml version="1.0" encoding="UTF-8"?>
<!-- Generated by org.testng.reporters.JUnitReportReporter -->
<testsuite hostname="BUL0000566.local" failures="0" tests="1" name="com.test.uat.TC_01_Bet.ID_01_LogIn" time="2.461" errors="0" timestamp="16 Aug 2019 21:18:46 GMT" skipped="0">
  <testcase classname="com.test.uat.TC_01_Bet.ID_01_LogIn" name="loginRam" time="2.461"/>
</testsuite> <!-- com.test.uat.TC_01_Bet.ID_01_LogIn -->
