<?xml version="1.0" encoding="UTF-8"?>
<!-- Generated by org.testng.reporters.JUnitReportReporter -->
<testsuite hostname="BUL0000566.local" failures="0" tests="1" name="com.test.uat.TC_01_Bet.ID_01_LogIn" time="1.672" errors="0" timestamp="09 Aug 2019 15:30:25 GMT" skipped="0">
  <testcase classname="com.test.uat.TC_01_Bet.ID_01_LogIn" name="loginRam" time="1.672"/>
</testsuite> <!-- com.test.uat.TC_01_Bet.ID_01_LogIn -->
