<?xml version="1.0" encoding="UTF-8"?>
<!-- Generated by org.testng.reporters.JUnitReportReporter -->
<testsuite hostname="BUL0000566.local" failures="0" tests="1" name="com.test.uat.TC_01_Bet.ID_01_LogIn" time="2.028" errors="0" timestamp="07 Aug 2019 10:50:18 GMT" skipped="0">
  <testcase classname="com.test.uat.TC_01_Bet.ID_01_LogIn" name="loginRam" time="2.028"/>
</testsuite> <!-- com.test.uat.TC_01_Bet.ID_01_LogIn -->
