<?xml version="1.0" encoding="UTF-8"?>
<!-- Generated by org.testng.reporters.JUnitReportReporter -->
<testsuite skipped="0" hostname="BUL0000566.local" name="com.test.uat.TC_01_Bet.ID_03_GetOpenBets" tests="1" failures="0" timestamp="03 Aug 2019 22:59:19 GMT" time="0.964" errors="0">
  <testcase name="getOpenBets" time="0.964" classname="com.test.uat.TC_01_Bet.ID_03_GetOpenBets"/>
</testsuite> <!-- com.test.uat.TC_01_Bet.ID_03_GetOpenBets -->
