<?xml version="1.0" encoding="UTF-8"?>
<!-- Generated by org.testng.reporters.JUnitReportReporter -->
<testsuite skipped="0" hostname="BUL0000566.local" name="com.test.uat.TC_01_Bet.ID_03_GetOpenBets" tests="1" failures="0" timestamp="22 Jul 2019 14:47:06 GMT" time="7.842" errors="0">
  <testcase name="getOpenBets" time="7.842" classname="com.test.uat.TC_01_Bet.ID_03_GetOpenBets"/>
</testsuite> <!-- com.test.uat.TC_01_Bet.ID_03_GetOpenBets -->
