<?xml version="1.0" encoding="UTF-8"?>
<!-- Generated by org.testng.reporters.JUnitReportReporter -->
<testsuite skipped="0" hostname="BUL0000566.local" name="com.test.TC_04_AmelcoAPI.ID_04_PlaceBet" tests="1" failures="0" timestamp="10 Jul 2019 12:30:59 GMT" time="0.007" errors="1">
  <testcase name="placeBet" time="0.007" classname="com.test.TC_04_AmelcoAPI.ID_04_PlaceBet">
    <error type="java.lang.IllegalArgumentException" message="Unexpected char 0x20 at 11 in header name: Set-Cookie: WBID=">
      <![CDATA[java.lang.IllegalArgumentException: Unexpected char 0x20 at 11 in header name: Set-Cookie: WBID=
at okhttp3.Headers$Companion.checkName(Headers.kt:424)
at okhttp3.Headers$Companion.access$checkName(Headers.kt:345)
at okhttp3.Headers$Builder.add(Headers.kt:243)
at okhttp3.Request$Builder.addHeader(Request.kt:210)
at com.test.TC_04_AmelcoAPI.ID_04_PlaceBet.placeBet(ID_04_PlaceBet.java:72)
at sun.reflect.NativeMethodAccessorImpl.invoke0(Native Method)
at sun.reflect.NativeMethodAccessorImpl.invoke(NativeMethodAccessorImpl.java:62)
at sun.reflect.DelegatingMethodAccessorImpl.invoke(DelegatingMethodAccessorImpl.java:43)
at java.lang.reflect.Method.invoke(Method.java:498)
at org.testng.internal.MethodInvocationHelper.invokeMethod(MethodInvocationHelper.java:124)
at org.testng.internal.Invoker.invokeMethod(Invoker.java:580)
at org.testng.internal.Invoker.invokeTestMethod(Invoker.java:716)
at org.testng.internal.Invoker.invokeTestMethods(Invoker.java:988)
at org.testng.internal.TestMethodWorker.invokeTestMethods(TestMethodWorker.java:125)
at org.testng.internal.TestMethodWorker.run(TestMethodWorker.java:109)
at org.testng.TestRunner.privateRun(TestRunner.java:648)
at org.testng.TestRunner.run(TestRunner.java:505)
at org.testng.SuiteRunner.runTest(SuiteRunner.java:455)
at org.testng.SuiteRunner.access$000(SuiteRunner.java:40)
at org.testng.SuiteRunner$SuiteWorker.run(SuiteRunner.java:489)
at org.testng.internal.thread.ThreadUtil$1.call(ThreadUtil.java:52)
at java.util.concurrent.FutureTask.run(FutureTask.java:266)
at java.util.concurrent.ThreadPoolExecutor.runWorker(ThreadPoolExecutor.java:1149)
at java.util.concurrent.ThreadPoolExecutor$Worker.run(ThreadPoolExecutor.java:624)
at java.lang.Thread.run(Thread.java:748)
]]>
    </error>
  </testcase> <!-- placeBet -->
</testsuite> <!-- com.test.TC_04_AmelcoAPI.ID_04_PlaceBet -->
