<?xml version="1.0" encoding="UTF-8"?>
<!-- Generated by org.testng.reporters.JUnitReportReporter -->
<testsuite skipped="0" hostname="BUL0000566.local" name="com.test.uat.TC_01_Bet.ID_08_GetSportsTree" tests="1" failures="0" timestamp="01 Aug 2019 10:15:19 GMT" time="0.266" errors="1">
  <testcase name="getSportsTree" time="0.266" classname="com.test.uat.TC_01_Bet.ID_08_GetSportsTree">
    <error type="java.lang.IllegalArgumentException" message="Parameter specified as non-null is null: method okhttp3.FormBody$Builder.add, parameter value">
      <![CDATA[java.lang.IllegalArgumentException: Parameter specified as non-null is null: method okhttp3.FormBody$Builder.add, parameter value
at okhttp3.FormBody$Builder.add(FormBody.kt)
at com.test.uat.TC_01_Bet.ID_08_GetSportsTree.getSportsTree(ID_08_GetSportsTree.java:48)
at sun.reflect.NativeMethodAccessorImpl.invoke0(Native Method)
at sun.reflect.NativeMethodAccessorImpl.invoke(NativeMethodAccessorImpl.java:62)
at sun.reflect.DelegatingMethodAccessorImpl.invoke(DelegatingMethodAccessorImpl.java:43)
at java.lang.reflect.Method.invoke(Method.java:498)
at org.testng.internal.MethodInvocationHelper.invokeMethod(MethodInvocationHelper.java:124)
at org.testng.internal.Invoker.invokeMethod(Invoker.java:583)
at org.testng.internal.Invoker.invokeTestMethod(Invoker.java:719)
at org.testng.internal.Invoker.invokeTestMethods(Invoker.java:989)
at org.testng.internal.TestMethodWorker.invokeTestMethods(TestMethodWorker.java:125)
at org.testng.internal.TestMethodWorker.run(TestMethodWorker.java:109)
at org.testng.TestRunner.privateRun(TestRunner.java:648)
at org.testng.TestRunner.run(TestRunner.java:505)
at org.testng.SuiteRunner.runTest(SuiteRunner.java:455)
at org.testng.SuiteRunner.access$000(SuiteRunner.java:40)
at org.testng.SuiteRunner$SuiteWorker.run(SuiteRunner.java:489)
at org.testng.internal.thread.ThreadUtil$1.call(ThreadUtil.java:52)
at java.util.concurrent.FutureTask.run(FutureTask.java:266)
at java.util.concurrent.ThreadPoolExecutor.runWorker(ThreadPoolExecutor.java:1149)
at java.util.concurrent.ThreadPoolExecutor$Worker.run(ThreadPoolExecutor.java:624)
at java.lang.Thread.run(Thread.java:748)
]]>
    </error>
  </testcase> <!-- getSportsTree -->
</testsuite> <!-- com.test.uat.TC_01_Bet.ID_08_GetSportsTree -->
