<?xml version="1.0" encoding="UTF-8"?>
<!-- Generated by org.testng.reporters.JUnitReportReporter -->
<testsuite hostname="BUL0000566.local" failures="0" tests="1" name="com.test.uat.TC_01_Bet.ID_08_GetSportsTree" time="1.688" errors="0" timestamp="07 Aug 2019 20:23:12 GMT" skipped="0">
  <testcase classname="com.test.uat.TC_01_Bet.ID_08_GetSportsTree" name="getSportsTree" time="1.688"/>
</testsuite> <!-- com.test.uat.TC_01_Bet.ID_08_GetSportsTree -->
