<?xml version="1.0" encoding="UTF-8"?>
<!-- Generated by org.testng.reporters.JUnitReportReporter -->
<testsuite skipped="0" hostname="BUL0000566.local" name="com.test.uat.TC_01_Bet.ID_02_ExternalLogin" tests="1" failures="0" timestamp="05 Aug 2019 15:46:56 GMT" time="0.648" errors="0">
  <testcase name="externalLogin" time="0.648" classname="com.test.uat.TC_01_Bet.ID_02_ExternalLogin"/>
</testsuite> <!-- com.test.uat.TC_01_Bet.ID_02_ExternalLogin -->
