<?xml version="1.0" encoding="UTF-8"?>
<!-- Generated by org.testng.reporters.JUnitReportReporter -->
<testsuite skipped="0" hostname="BUL0000566.local" name="com.test.TC_04_AmelcoAPI.ID_03_GetOpenBets" tests="1" failures="0" timestamp="08 Jul 2019 12:55:35 GMT" time="3.287" errors="0">
  <testcase name="getOpenBets" time="3.287" classname="com.test.TC_04_AmelcoAPI.ID_03_GetOpenBets"/>
</testsuite> <!-- com.test.TC_04_AmelcoAPI.ID_03_GetOpenBets -->
