<?xml version="1.0" encoding="UTF-8"?>
<!-- Generated by org.testng.reporters.JUnitReportReporter -->
<testsuite skipped="0" hostname="BUL0000566.local" name="com.test.uat.TC_02_Sumo.UI.ID_01_Promotions" tests="4" failures="0" timestamp="19 Jul 2019 20:02:30 GMT" time="15.652" errors="0">
  <testcase name="noSelectionBtnState" time="7.198" classname="com.test.uat.TC_02_Sumo.UI.ID_01_Promotions"/>
  <testcase name="checkTable" time="0.273" classname="com.test.uat.TC_02_Sumo.UI.ID_01_Promotions"/>
  <testcase name="selectionBtnState" time="3.884" classname="com.test.uat.TC_02_Sumo.UI.ID_01_Promotions"/>
  <testcase name="openSumoHomePage" time="4.297" classname="com.test.uat.TC_02_Sumo.UI.ID_01_Promotions"/>
</testsuite> <!-- com.test.uat.TC_02_Sumo.UI.ID_01_Promotions -->
