<?xml version="1.0" encoding="UTF-8"?>
<!-- Generated by org.testng.reporters.JUnitReportReporter -->
<testsuite hostname="BUL0000566.local" failures="0" tests="1" name="com.test.uat.TC_01_Bet.ID_04_GetFootballSportTree" time="1.539" errors="0" timestamp="11 Aug 2019 22:36:22 GMT" skipped="0">
  <testcase classname="com.test.uat.TC_01_Bet.ID_04_GetFootballSportTree" name="getSportsTree" time="1.539"/>
</testsuite> <!-- com.test.uat.TC_01_Bet.ID_04_GetFootballSportTree -->
