<?xml version="1.0" encoding="UTF-8"?>
<!-- Generated by org.testng.reporters.JUnitReportReporter -->
<testsuite skipped="0" hostname="BUL0000508.local" name="com.test.TC_02_Example_HttpClient.PayPal.ID_01_Token" tests="1" failures="0" timestamp="25 Jun 2019 13:21:19 GMT" time="1.931" errors="0">
  <testcase name="getToken" time="1.931" classname="com.test.TC_02_Example_HttpClient.PayPal.ID_01_Token"/>
</testsuite> <!-- com.test.TC_02_Example_HttpClient.PayPal.ID_01_Token -->
