<?xml version="1.0" encoding="UTF-8"?>
<!-- Generated by org.testng.reporters.JUnitReportReporter -->
<testsuite skipped="0" hostname="BUL0000566.local" name="com.test.TC_04_AmelcoAPI.ID_01_LogIn" tests="1" failures="0" timestamp="18 Jul 2019 16:15:35 GMT" time="1.829" errors="0">
  <testcase name="loginRam" time="1.829" classname="com.test.TC_04_AmelcoAPI.ID_01_LogIn"/>
</testsuite> <!-- com.test.TC_04_AmelcoAPI.ID_01_LogIn -->
