<?xml version="1.0" encoding="UTF-8"?>
<!-- Generated by org.testng.reporters.JUnitReportReporter -->
<testsuite skipped="0" hostname="BUL0000508.local" name="com.test.TC_03_Example_UI.ID_01_OpenCart" tests="3" failures="0" timestamp="25 Jun 2019 13:44:52 GMT" time="44.450" errors="0">
  <testcase name="checkCart" time="1.896" classname="com.test.TC_03_Example_UI.ID_01_OpenCart"/>
  <testcase name="searchItem" time="0.474" classname="com.test.TC_03_Example_UI.ID_01_OpenCart"/>
  <testcase name="openHomePage" time="42.080" classname="com.test.TC_03_Example_UI.ID_01_OpenCart"/>
</testsuite> <!-- com.test.TC_03_Example_UI.ID_01_OpenCart -->
