<?xml version="1.0" encoding="UTF-8"?>
<!-- Generated by org.testng.reporters.JUnitReportReporter -->
<testsuite skipped="0" hostname="BUL0000508.local" name="com.test.TC_04_AmelcoAPI.ID_03_ExternalLogin" tests="1" failures="0" timestamp="01 Jul 2019 14:21:36 GMT" time="0.445" errors="0">
  <testcase name="externalLogin" time="0.445" classname="com.test.TC_04_AmelcoAPI.ID_03_ExternalLogin"/>
</testsuite> <!-- com.test.TC_04_AmelcoAPI.ID_03_ExternalLogin -->
