<?xml version="1.0" encoding="UTF-8"?>
<!-- Generated by org.testng.reporters.JUnitReportReporter -->
<testsuite hostname="StationOne-PC" failures="0" tests="7" name="com.demo.tests.TestCase_01" time="1.337" errors="0" timestamp="17 Feb 2020 19:46:33 GMT" skipped="6">
  <testcase classname="com.demo.tests.TestCase_01" name="currencyInfo" time="1.337"/>
  <testcase classname="com.demo.tests.TestCase_01" name="products">
    <skipped/>
  </testcase> <!-- products -->
  <testcase classname="com.demo.tests.TestCase_01" name="convertCurrency">
    <skipped/>
  </testcase> <!-- convertCurrency -->
  <testcase classname="com.demo.tests.TestCase_01" name="marketsPageProducts">
    <skipped/>
  </testcase> <!-- marketsPageProducts -->
  <testcase classname="com.demo.tests.TestCase_01" name="userLogin">
    <skipped/>
  </testcase> <!-- userLogin -->
  <testcase classname="com.demo.tests.TestCase_01" name="productsPopular">
    <skipped/>
  </testcase> <!-- productsPopular -->
  <testcase classname="com.demo.tests.TestCase_01" name="clientInfo">
    <skipped/>
  </testcase> <!-- clientInfo -->
</testsuite> <!-- com.demo.tests.TestCase_01 -->
