<?xml version="1.0" encoding="UTF-8"?>
<!-- Generated by org.testng.reporters.JUnitReportReporter -->
<testsuite skipped="0" hostname="QAIT006" name="com.demo.tests.TestCase_01" tests="7" failures="0" timestamp="27 Feb 2020 17:03:48 GMT" time="8.728" errors="0">
  <testcase name="putOrder" time="1.359" classname="com.demo.tests.TestCase_01"/>
  <testcase name="searchForProduct" time="0.299" classname="com.demo.tests.TestCase_01"/>
  <testcase name="web_test" time="4.608" classname="com.demo.tests.TestCase_01"/>
  <testcase name="confirmOrder" time="1.273" classname="com.demo.tests.TestCase_01"/>
  <testcase name="loginUser" time="0.605" classname="com.demo.tests.TestCase_01"/>
  <testcase name="checkTransactionActivities" time="0.326" classname="com.demo.tests.TestCase_01"/>
  <testcase name="checkUserInfo" time="0.258" classname="com.demo.tests.TestCase_01"/>
</testsuite> <!-- com.demo.tests.TestCase_01 -->
