<?xml version="1.0" encoding="UTF-8"?>
<!-- Generated by org.testng.reporters.JUnitReportReporter -->
<testsuite skipped="0" hostname="QAIT006" name="com.demo.tests.TestCase_03_Leveraged" tests="7" failures="0" timestamp="08 Apr 2020 21:37:52 GMT" time="28.704" errors="0">
  <testcase name="post_login" time="0.571" classname="com.demo.tests.TestCase_03_Leveraged"/>
  <testcase name="get_user_info" time="0.274" classname="com.demo.tests.TestCase_03_Leveraged"/>
  <testcase name="get_product_list" time="0.755" classname="com.demo.tests.TestCase_03_Leveraged"/>
  <testcase name="web_login" time="1.530" classname="com.demo.tests.TestCase_03_Leveraged"/>
  <testcase name="web_leveraged_filters" time="3.529" classname="com.demo.tests.TestCase_03_Leveraged"/>
  <testcase name="web_search_for_product" time="20.971" classname="com.demo.tests.TestCase_03_Leveraged"/>
  <testcase name="web_open_leveraged_product" time="1.074" classname="com.demo.tests.TestCase_03_Leveraged"/>
</testsuite> <!-- com.demo.tests.TestCase_03_Leveraged -->
