<?xml version="1.0" encoding="UTF-8"?>
<!-- Generated by org.testng.reporters.JUnitReportReporter -->
<testsuite skipped="0" hostname="QAIT006" name="com.demo.tests.TestCase_01" tests="3" failures="0" timestamp="11 Feb 2020 17:01:52 GMT" time="11.900" errors="0">
  <testcase name="userLogin" time="0.424" classname="com.demo.tests.TestCase_01"/>
  <testcase name="clientInfo" time="0.238" classname="com.demo.tests.TestCase_01"/>
  <testcase name="loginWeb" time="11.238" classname="com.demo.tests.TestCase_01"/>
</testsuite> <!-- com.demo.tests.TestCase_01 -->
