<?xml version="1.0" encoding="UTF-8"?>
<!-- Generated by org.testng.reporters.JUnitReportReporter -->
<testsuite skipped="0" hostname="QAIT006" name="com.demo.tests.TestCase_04_Shares" tests="5" failures="0" timestamp="26 Mar 2020 14:27:25 GMT" time="16.817" errors="0">
  <testcase name="post_login" time="0.497" classname="com.demo.tests.TestCase_04_Shares"/>
  <testcase name="get_user_info" time="0.263" classname="com.demo.tests.TestCase_04_Shares"/>
  <testcase name="get_product_list" time="10.364" classname="com.demo.tests.TestCase_04_Shares"/>
  <testcase name="web_login" time="1.547" classname="com.demo.tests.TestCase_04_Shares"/>
  <testcase name="web_shares_filters" time="4.146" classname="com.demo.tests.TestCase_04_Shares"/>
</testsuite> <!-- com.demo.tests.TestCase_04_Shares -->
