<?xml version="1.0" encoding="UTF-8"?>
<!-- Generated by org.testng.reporters.JUnitReportReporter -->
<testsuite skipped="0" hostname="QAIT006" name="com.demo.tests.TestCase_03_Leveraged" tests="7" failures="0" timestamp="30 Mar 2020 22:34:44 GMT" time="8.836" errors="0">
  <testcase name="post_login" time="0.617" classname="com.demo.tests.TestCase_03_Leveraged"/>
  <testcase name="get_user_info" time="0.254" classname="com.demo.tests.TestCase_03_Leveraged"/>
  <testcase name="get_product_list" time="0.693" classname="com.demo.tests.TestCase_03_Leveraged"/>
  <testcase name="web_login" time="1.472" classname="com.demo.tests.TestCase_03_Leveraged"/>
  <testcase name="web_leveraged_filters" time="3.922" classname="com.demo.tests.TestCase_03_Leveraged"/>
  <testcase name="web_search_for_product" time="0.808" classname="com.demo.tests.TestCase_03_Leveraged"/>
  <testcase name="web_open_leveraged_product" time="1.070" classname="com.demo.tests.TestCase_03_Leveraged"/>
</testsuite> <!-- com.demo.tests.TestCase_03_Leveraged -->
