<?xml version="1.0" encoding="UTF-8"?>
<!-- Generated by org.testng.reporters.JUnitReportReporter -->
<testsuite hostname="StationOne-PC" failures="0" tests="2" name="com.demo.test_suites.frontend.TC_02_CarCheck" time="3.072" errors="0" timestamp="20 Jan 2020 15:15:08 GMT" skipped="0">
  <testcase classname="com.demo.test_suites.frontend.TC_02_CarCheck" name="homepage" time="1.675"/>
  <testcase classname="com.demo.test_suites.frontend.TC_02_CarCheck" name="search" time="1.397"/>
</testsuite> <!-- com.demo.test_suites.frontend.TC_02_CarCheck -->
