<?xml version="1.0" encoding="UTF-8"?>
<!-- Generated by org.testng.reporters.JUnitReportReporter -->
<testsuite hostname="StationOne-PC" failures="0" tests="3" name="com.demo.test_suites.frontend.TC_01_Items" time="15.720" errors="0" timestamp="03 Feb 2020 22:25:08 GMT" skipped="0">
  <testcase classname="com.demo.test_suites.frontend.TC_01_Items" name="loadHomePage" time="3.221"/>
  <testcase classname="com.demo.test_suites.frontend.TC_01_Items" name="openItemDescription" time="7.247"/>
  <testcase classname="com.demo.test_suites.frontend.TC_01_Items" name="searchItem" time="5.252"/>
</testsuite> <!-- com.demo.test_suites.frontend.TC_01_Items -->
