<?xml version="1.0" encoding="UTF-8"?>
<!-- Generated by org.testng.reporters.JUnitReportReporter -->
<testsuite hostname="StationOne-PC" failures="0" tests="3" name="com.demo.tests.TestCase_01" time="13.771" errors="0" timestamp="24 Feb 2020 20:36:41 GMT" skipped="2">
  <testcase classname="com.demo.tests.TestCase_01" name="web_user_login" time="13.771"/>
  <testcase classname="com.demo.tests.TestCase_01" name="api_place_order">
    <skipped/>
  </testcase> <!-- api_place_order -->
  <testcase classname="com.demo.tests.TestCase_01" name="api_order_confirmation">
    <skipped/>
  </testcase> <!-- api_order_confirmation -->
</testsuite> <!-- com.demo.tests.TestCase_01 -->
