<?xml version="1.0" encoding="UTF-8"?>
<!-- Generated by org.testng.reporters.JUnitReportReporter -->
<testsuite skipped="0" hostname="QAIT006" name="com.demo.tests.TestCase_01" tests="10" failures="0" timestamp="19 Mar 2020 21:08:05 GMT" time="11.467" errors="0">
  <testcase name="web_login" time="1.758" classname="com.demo.tests.TestCase_01"/>
  <testcase name="post_login" time="0.385" classname="com.demo.tests.TestCase_01"/>
  <testcase name="get_user_info" time="0.216" classname="com.demo.tests.TestCase_01"/>
  <testcase name="get_transaction_history" time="0.287" classname="com.demo.tests.TestCase_01"/>
  <testcase name="post_confirm_order" time="1.264" classname="com.demo.tests.TestCase_01"/>
  <testcase name="web_search_product" time="1.921" classname="com.demo.tests.TestCase_01"/>
  <testcase name="web_user_amount" time="1.721" classname="com.demo.tests.TestCase_01"/>
  <testcase name="post_place_order" time="1.323" classname="com.demo.tests.TestCase_01"/>
  <testcase name="web_user_transactions" time="2.336" classname="com.demo.tests.TestCase_01"/>
  <testcase name="get_product_list" time="0.256" classname="com.demo.tests.TestCase_01"/>
</testsuite> <!-- com.demo.tests.TestCase_01 -->
