<?xml version="1.0" encoding="UTF-8"?>
<!-- Generated by org.testng.reporters.JUnitReportReporter -->
<testsuite hostname="StationOne-PC" failures="0" tests="3" name="com.demo.tests.TestCase_01" time="3.510" errors="0" timestamp="11 Feb 2020 21:35:22 GMT" skipped="2">
  <testcase classname="com.demo.tests.TestCase_01" name="loginWeb" time="3.510"/>
  <testcase classname="com.demo.tests.TestCase_01" name="userLogin">
    <skipped/>
  </testcase> <!-- userLogin -->
  <testcase classname="com.demo.tests.TestCase_01" name="clientInfo">
    <skipped/>
  </testcase> <!-- clientInfo -->
</testsuite> <!-- com.demo.tests.TestCase_01 -->
