<?xml version="1.0" encoding="UTF-8"?>
<!-- Generated by org.testng.reporters.JUnitReportReporter -->
<testsuite skipped="0" hostname="QAIT006" name="com.demo.tests.TestCase_01_PlaceOrder" tests="7" failures="0" timestamp="26 Feb 2020 17:08:51 GMT" time="18.863" errors="0">
  <testcase name="api_search_stocks" time="0.256" classname="com.demo.tests.TestCase_01_PlaceOrder"/>
  <testcase name="api_order_confirmation" time="1.257" classname="com.demo.tests.TestCase_01_PlaceOrder"/>
  <testcase name="api_get_client_info" time="0.223" classname="com.demo.tests.TestCase_01_PlaceOrder"/>
  <testcase name="api_get_orders_history" time="0.504" classname="com.demo.tests.TestCase_01_PlaceOrder"/>
  <testcase name="web_test" time="14.824" classname="com.demo.tests.TestCase_01_PlaceOrder"/>
  <testcase name="api_user_login" time="0.428" classname="com.demo.tests.TestCase_01_PlaceOrder"/>
  <testcase name="api_place_order" time="1.371" classname="com.demo.tests.TestCase_01_PlaceOrder"/>
</testsuite> <!-- com.demo.tests.TestCase_01_PlaceOrder -->
