<?xml version="1.0" encoding="UTF-8"?>
<!-- Generated by org.testng.reporters.JUnitReportReporter -->
<testsuite skipped="0" hostname="QAIT006" name="com.demo.tests.TestCase_04_Shares" tests="7" failures="0" timestamp="27 Mar 2020 22:10:05 GMT" time="12.388" errors="0">
  <testcase name="post_login" time="0.571" classname="com.demo.tests.TestCase_04_Shares"/>
  <testcase name="get_user_info" time="0.276" classname="com.demo.tests.TestCase_04_Shares"/>
  <testcase name="get_product_list" time="5.784" classname="com.demo.tests.TestCase_04_Shares"/>
  <testcase name="web_login" time="1.531" classname="com.demo.tests.TestCase_04_Shares"/>
  <testcase name="web_shares_filters" time="3.480" classname="com.demo.tests.TestCase_04_Shares"/>
  <testcase name="web_search_for_product" time="0.081" classname="com.demo.tests.TestCase_04_Shares"/>
  <testcase name="web_open_shares_product" time="0.665" classname="com.demo.tests.TestCase_04_Shares"/>
</testsuite> <!-- com.demo.tests.TestCase_04_Shares -->
