<?xml version="1.0" encoding="UTF-8"?>
<!-- Generated by org.testng.reporters.JUnitReportReporter -->
<testsuite skipped="0" hostname="QAIT006" name="com.demo.tests.TestCase_01" tests="10" failures="0" timestamp="20 Mar 2020 18:59:43 GMT" time="11.935" errors="0">
  <testcase name="post_place_order" time="1.302" classname="com.demo.tests.TestCase_01"/>
  <testcase name="web_login" time="1.784" classname="com.demo.tests.TestCase_01"/>
  <testcase name="web_user_transactions" time="2.444" classname="com.demo.tests.TestCase_01"/>
  <testcase name="get_product_list" time="0.298" classname="com.demo.tests.TestCase_01"/>
  <testcase name="get_transaction_history" time="0.448" classname="com.demo.tests.TestCase_01"/>
  <testcase name="web_search_product" time="2.014" classname="com.demo.tests.TestCase_01"/>
  <testcase name="post_login" time="0.521" classname="com.demo.tests.TestCase_01"/>
  <testcase name="get_user_info" time="0.244" classname="com.demo.tests.TestCase_01"/>
  <testcase name="post_confirm_order" time="1.252" classname="com.demo.tests.TestCase_01"/>
  <testcase name="web_user_amount" time="1.628" classname="com.demo.tests.TestCase_01"/>
</testsuite> <!-- com.demo.tests.TestCase_01 -->
