<?xml version="1.0" encoding="UTF-8"?>
<!-- Generated by org.testng.reporters.JUnitReportReporter -->
<testsuite skipped="0" hostname="QAIT006" name="com.demo.tests.TestCase_01" tests="9" failures="0" timestamp="18 Feb 2020 16:18:00 GMT" time="6.500" errors="0">
  <testcase name="ordersHistory" time="0.262" classname="com.demo.tests.TestCase_01"/>
  <testcase name="productsPopular" time="3.662" classname="com.demo.tests.TestCase_01"/>
  <testcase name="orderConfirmation" time="0.292" classname="com.demo.tests.TestCase_01"/>
  <testcase name="products" time="0.216" classname="com.demo.tests.TestCase_01"/>
  <testcase name="userLogin" time="0.496" classname="com.demo.tests.TestCase_01"/>
  <testcase name="currencyInfo" time="0.822" classname="com.demo.tests.TestCase_01"/>
  <testcase name="order" time="0.292" classname="com.demo.tests.TestCase_01"/>
  <testcase name="clientInfo" time="0.248" classname="com.demo.tests.TestCase_01"/>
  <testcase name="marketsPageProducts" time="0.210" classname="com.demo.tests.TestCase_01"/>
</testsuite> <!-- com.demo.tests.TestCase_01 -->
