<?xml version="1.0" encoding="UTF-8"?>
<!-- Generated by org.testng.reporters.JUnitReportReporter -->
<testsuite skipped="0" hostname="QAIT006" name="com.demo.tests.TestCase_03_Leveraged" tests="7" failures="0" timestamp="01 Apr 2020 17:57:25 GMT" time="8.957" errors="0">
  <testcase name="post_login" time="0.579" classname="com.demo.tests.TestCase_03_Leveraged"/>
  <testcase name="get_user_info" time="0.260" classname="com.demo.tests.TestCase_03_Leveraged"/>
  <testcase name="get_product_list" time="0.760" classname="com.demo.tests.TestCase_03_Leveraged"/>
  <testcase name="web_login" time="1.484" classname="com.demo.tests.TestCase_03_Leveraged"/>
  <testcase name="web_leveraged_filters" time="3.626" classname="com.demo.tests.TestCase_03_Leveraged"/>
  <testcase name="web_search_for_product" time="1.174" classname="com.demo.tests.TestCase_03_Leveraged"/>
  <testcase name="web_open_leveraged_product" time="1.074" classname="com.demo.tests.TestCase_03_Leveraged"/>
</testsuite> <!-- com.demo.tests.TestCase_03_Leveraged -->
