<?xml version="1.0" encoding="UTF-8"?>
<!-- Generated by org.testng.reporters.JUnitReportReporter -->
<testsuite skipped="0" hostname="QAIT006" name="com.demo.tests.TestCase_01" tests="10" failures="0" timestamp="20 Mar 2020 09:54:31 GMT" time="13.437" errors="0">
  <testcase name="web_login" time="1.998" classname="com.demo.tests.TestCase_01"/>
  <testcase name="post_login" time="0.901" classname="com.demo.tests.TestCase_01"/>
  <testcase name="get_user_info" time="0.449" classname="com.demo.tests.TestCase_01"/>
  <testcase name="get_transaction_history" time="0.386" classname="com.demo.tests.TestCase_01"/>
  <testcase name="post_confirm_order" time="1.281" classname="com.demo.tests.TestCase_01"/>
  <testcase name="web_search_product" time="2.046" classname="com.demo.tests.TestCase_01"/>
  <testcase name="web_user_amount" time="1.724" classname="com.demo.tests.TestCase_01"/>
  <testcase name="post_place_order" time="1.584" classname="com.demo.tests.TestCase_01"/>
  <testcase name="web_user_transactions" time="2.400" classname="com.demo.tests.TestCase_01"/>
  <testcase name="get_product_list" time="0.668" classname="com.demo.tests.TestCase_01"/>
</testsuite> <!-- com.demo.tests.TestCase_01 -->
