<?xml version="1.0" encoding="UTF-8"?>
<!-- Generated by org.testng.reporters.JUnitReportReporter -->
<testsuite skipped="0" hostname="QAIT006" name="com.demo.tests.TestCase_03_Leveraged" tests="7" failures="0" timestamp="30 Mar 2020 18:51:39 GMT" time="8.991" errors="0">
  <testcase name="post_login" time="0.576" classname="com.demo.tests.TestCase_03_Leveraged"/>
  <testcase name="get_user_info" time="0.259" classname="com.demo.tests.TestCase_03_Leveraged"/>
  <testcase name="get_product_list" time="0.742" classname="com.demo.tests.TestCase_03_Leveraged"/>
  <testcase name="web_login" time="1.542" classname="com.demo.tests.TestCase_03_Leveraged"/>
  <testcase name="web_leveraged_filters" time="4.014" classname="com.demo.tests.TestCase_03_Leveraged"/>
  <testcase name="web_search_for_product" time="0.803" classname="com.demo.tests.TestCase_03_Leveraged"/>
  <testcase name="web_open_leveraged_product" time="1.055" classname="com.demo.tests.TestCase_03_Leveraged"/>
</testsuite> <!-- com.demo.tests.TestCase_03_Leveraged -->
