<?xml version="1.0" encoding="UTF-8"?>
<!-- Generated by org.testng.reporters.JUnitReportReporter -->
<testsuite skipped="0" hostname="QAIT006" name="com.demo.tests.TestCase_01" tests="7" failures="0" timestamp="25 Feb 2020 17:58:33 GMT" time="18.401" errors="0">
  <testcase name="api_get_client_info" time="0.221" classname="com.demo.tests.TestCase_01"/>
  <testcase name="api_search_stocks" time="0.265" classname="com.demo.tests.TestCase_01"/>
  <testcase name="api_get_orders_history" time="0.329" classname="com.demo.tests.TestCase_01"/>
  <testcase name="web_user_login" time="14.568" classname="com.demo.tests.TestCase_01"/>
  <testcase name="api_order_confirmation" time="1.254" classname="com.demo.tests.TestCase_01"/>
  <testcase name="api_user_login" time="0.438" classname="com.demo.tests.TestCase_01"/>
  <testcase name="api_place_order" time="1.326" classname="com.demo.tests.TestCase_01"/>
</testsuite> <!-- com.demo.tests.TestCase_01 -->
