<?xml version="1.0" encoding="UTF-8"?>
<!-- Generated by org.testng.reporters.JUnitReportReporter -->
<testsuite skipped="2" hostname="QAIT006" name="com.demo.tests.TestCase_01" tests="3" failures="0" timestamp="24 Feb 2020 13:03:58 GMT" time="5.164" errors="0">
  <testcase name="web_user_login" time="5.164" classname="com.demo.tests.TestCase_01"/>
  <testcase name="api_place_order" classname="com.demo.tests.TestCase_01">
    <skipped/>
  </testcase> <!-- api_place_order -->
  <testcase name="api_order_confirmation" classname="com.demo.tests.TestCase_01">
    <skipped/>
  </testcase> <!-- api_order_confirmation -->
</testsuite> <!-- com.demo.tests.TestCase_01 -->
