<?xml version="1.0" encoding="UTF-8"?>
<!-- Generated by org.testng.reporters.JUnitReportReporter -->
<testsuite skipped="0" hostname="QAIT006" name="com.demo.tests.TestCase_03_Leveraged" tests="4" failures="0" timestamp="23 Mar 2020 23:52:26 GMT" time="10.023" errors="0">
  <testcase name="get_product_list" time="0.343" classname="com.demo.tests.TestCase_03_Leveraged"/>
  <testcase name="web_user_login" time="8.778" classname="com.demo.tests.TestCase_03_Leveraged"/>
  <testcase name="post_login" time="0.539" classname="com.demo.tests.TestCase_03_Leveraged"/>
  <testcase name="get_user_info" time="0.363" classname="com.demo.tests.TestCase_03_Leveraged"/>
</testsuite> <!-- com.demo.tests.TestCase_03_Leveraged -->
