<?xml version="1.0" encoding="UTF-8"?>
<!-- Generated by org.testng.reporters.JUnitReportReporter -->
<testsuite skipped="0" hostname="QAIT006" name="com.demo.tests.TestCase_04_Shares" tests="5" failures="0" timestamp="26 Mar 2020 14:41:25 GMT" time="14.632" errors="0">
  <testcase name="post_login" time="0.490" classname="com.demo.tests.TestCase_04_Shares"/>
  <testcase name="get_user_info" time="0.232" classname="com.demo.tests.TestCase_04_Shares"/>
  <testcase name="get_product_list" time="9.016" classname="com.demo.tests.TestCase_04_Shares"/>
  <testcase name="web_login" time="1.459" classname="com.demo.tests.TestCase_04_Shares"/>
  <testcase name="web_shares_filters" time="3.435" classname="com.demo.tests.TestCase_04_Shares"/>
</testsuite> <!-- com.demo.tests.TestCase_04_Shares -->
