<?xml version="1.0" encoding="UTF-8"?>
<!-- Generated by org.testng.reporters.JUnitReportReporter -->
<testsuite hostname="StationOne-PC" failures="0" tests="3" name="com.demo.test_suites.frontend.TS_01_Items" time="12.596" errors="0" timestamp="17 Jan 2020 10:47:48 GMT" skipped="0">
  <testcase classname="com.demo.test_suites.frontend.TS_01_Items" name="searchItem" time="4.328"/>
  <testcase classname="com.demo.test_suites.frontend.TS_01_Items" name="openItemDescription" time="5.731"/>
  <testcase classname="com.demo.test_suites.frontend.TS_01_Items" name="loadHomePage" time="2.537"/>
</testsuite> <!-- com.demo.test_suites.frontend.TS_01_Items -->
