<?xml version="1.0" encoding="UTF-8"?>
<!-- Generated by org.testng.reporters.JUnitReportReporter -->
<testsuite skipped="0" hostname="QAIT006" name="com.demo.tests.TestCase_03_Leveraged" tests="4" failures="0" timestamp="22 Mar 2020 22:42:42 GMT" time="19.916" errors="0">
  <testcase name="post_login" time="3.155" classname="com.demo.tests.TestCase_03_Leveraged"/>
  <testcase name="get_user_info" time="0.368" classname="com.demo.tests.TestCase_03_Leveraged"/>
  <testcase name="web_user_login" time="13.329" classname="com.demo.tests.TestCase_03_Leveraged"/>
  <testcase name="get_product_list" time="3.064" classname="com.demo.tests.TestCase_03_Leveraged"/>
</testsuite> <!-- com.demo.tests.TestCase_03_Leveraged -->
