<?xml version="1.0" encoding="UTF-8"?>
<!-- Generated by org.testng.reporters.JUnitReportReporter -->
<testsuite hostname="StationOne-PC" failures="0" tests="1" name="com.demo.tests.TestCase_01" time="15.000" errors="0" timestamp="03 Mar 2020 23:02:19 GMT" skipped="0">
  <testcase classname="com.demo.tests.TestCase_01" name="web_test" time="15.000"/>
</testsuite> <!-- com.demo.tests.TestCase_01 -->
